<?xml version="1.0" encoding="UTF-8"?>
<testsuite name="buscar" tests="1" skipped="0" failures="0" errors="0" timestamp="2022-12-14T21:02:29" hostname="DESKTOP-SHPR9KJ" time="63.231">
  <properties/>
  <testcase name="buscar producto" classname="buscar" time="63.231"/>
  <system-out><![CDATA[]]></system-out>
  <system-err><![CDATA[dic 14, 2022 4:02:30 PM org.openqa.selenium.remote.DesiredCapabilities chrome
INFORMACIÓN: Using `new ChromeOptions()` is preferred to `DesiredCapabilities.chrome()`
[Test worker] INFO net.serenitybdd.core.webdriver.driverproviders.ProvideNewDriver - Instantiating driver
[Test worker] INFO net.serenitybdd.core.webdriver.driverproviders.ProvideNewDriver - Driver capabilities: Capabilities {acceptInsecureCerts: false, browserName: chrome, chrome.switches: --start-maximized --disable..., goog:chromeOptions: {args: [--start-maximized, --disable-popup-blocking, --ignore-certificate-errors], extensions: []}, loggingPrefs: org.openqa.selenium.logging..., platform: ANY, version: }
Starting ChromeDriver 107.0.5304.62 (1eec40d3a5764881c92085aaee66d25075c159aa-refs/branch-heads/5304@{#942}) on port 5587
Only local connections are allowed.
Please see https://chromedriver.chromium.org/security-considerations for suggestions on keeping ChromeDriver safe.
ChromeDriver was started successfully.
[1671051753.226][WARNING]: This version of ChromeDriver has not been tested with Chrome version 108.
dic 14, 2022 4:02:33 PM org.openqa.selenium.remote.ProtocolHandshake createSession
INFORMACIÓN: Detected dialect: W3C
[Test worker] INFO net.thucydides.core.steps.ConsoleLoggingListener - 
        __    _____ _____ ____ _____   ____   _    ____  ____  _____ ____  
  _     \ \  |_   _| ____/ ___|_   _| |  _ \ / \  / ___|/ ___|| ____|  _ \ 
 (_)_____| |   | | |  _| \___ \ | |   | |_) / _ \ \___ \\___ \|  _| | | | |
  _|_____| |   | | | |___ ___) || |   |  __/ ___ \ ___) |___) | |___| |_| |
 (_)     | |   |_| |_____|____/ |_|   |_| /_/   \_\____/|____/|_____|____/ 
        /_/                                                                

TEST PASSED: buscar producto
----------------------------------------------------------------------------
]]></system-err>
</testsuite>
